
RAxML-NG v. 1.1.0 released on 29.11.2021 by The Exelixis Lab.
Developed by: Alexey M. Kozlov and Alexandros Stamatakis.
Contributors: Diego Darriba, Tomas Flouri, Benoit Morel, Sarah Lutteropp, Ben Bettisworth.
Latest version: https://github.com/amkozlov/raxml-ng
Questions/problems/suggestions? Please visit: https://groups.google.com/forum/#!forum/raxml

System: Intel(R) Xeon(R) Platinum 8358 CPU @ 2.60GHz, 64 cores, 503 GB RAM

RAxML-NG was called at 24-Apr-2023 13:25:56 as follows:

raxml-ng --msa ../../data/alignment/nucleotide/cox3.concat.fa.aln --model GTR+G --prefix cox3_nt --threads 2 --seed 951

Analysis options:
  run mode: ML tree search
  start tree(s): random (10) + parsimony (10)
  random seed: 951
  tip-inner: OFF
  pattern compression: ON
  per-rate scalers: OFF
  site repeats: ON
  fast spr radius: AUTO
  spr subtree cutoff: 1.000000
  branch lengths: proportional (ML estimate, algorithm: NR-FAST)
  SIMD kernels: AVX2
  parallelization: coarse-grained (auto), PTHREADS (2 threads), thread pinning: OFF

[00:00:00] Reading alignment from file: ../../data/alignment/nucleotide/cox3.concat.fa.aln
[00:00:00] Loaded alignment with 184 taxa and 804 sites

WARNING: Sequences MT_Heliopora_coerulea and qt_Heliopora_coerulea.mf are exactly identical!
WARNING: Sequences MT_Leptogorgia_hebes_1 and MT_Leptogorgia_hebes_2 are exactly identical!
WARNING: Sequences MT_Leptogorgia_hebes_1 and MT_Leptogorgia_hebes_3 are exactly identical!
WARNING: Sequences MT_Halipteris_cf__finmarchica_RH_2019 and qt_Halipteris_finmarchica.mf are exactly identical!
WARNING: Sequences MT_Hemicorallium_imperiale_1 and MT_Hemicorallium_laauense are exactly identical!
WARNING: Sequences MT_Dendronephthya_suensoni and MT_Dendronephthya_putteri are exactly identical!
WARNING: Sequences MT_Leptogorgia_capverdensis and MT_Leptogorgia_sarmentosa are exactly identical!
WARNING: Sequences MT_Kophobelemnon_sp__4_RH_2019 and qt_Kophobelemnon_sp.mf are exactly identical!
WARNING: Sequences MT_Leptogorgia_virgulata_5 and MT_Leptogorgia_virgulata_2 are exactly identical!
WARNING: Sequences MT_Leptogorgia_virgulata_5 and MT_Leptogorgia_virgulata_3 are exactly identical!
WARNING: Sequences MT_Leptogorgia_virgulata_5 and MT_Leptogorgia_virgulata_7 are exactly identical!
WARNING: Sequences MT_Leptogorgia_virgulata_5 and MT_Leptogorgia_virgulata_6 are exactly identical!
WARNING: Sequences MT_Leptogorgia_virgulata_5 and MT_Leptogorgia_virgulata_4 are exactly identical!
WARNING: Sequences MT_Leptogorgia_virgulata_5 and MT_Leptogorgia_virgulata_1 are exactly identical!
WARNING: Sequences MT_Corallium_elatius_2 and MT_Corallium_elatius_1 are exactly identical!
WARNING: Sequences MT_Corallium_elatius_2 and MT_Corallium_konojoi are exactly identical!
WARNING: Sequences MT_Distichoptilum_gracile and qt_Distichoptilum_gracile.mf are exactly identical!
WARNING: Sequences MT_Anthomastus_sp__USNM_1171062 and qt_Pseudoanthomastus_sp2.mf are exactly identical!
WARNING: Sequences MT_Dendronephthya_castanea and MT_Dendronephthya_gigantea are exactly identical!
WARNING: Sequences MT_Acanella_arbuscula and qt_Acanella_sp.mf are exactly identical!
WARNING: Sequences MT_Renilla_muelleri and qt_Renilla_muelleri.mf are exactly identical!
WARNING: Sequences MT_Plumarella_adhaerans and MT_Plumarella_spinosa are exactly identical!
WARNING: Sequences MT_Paraminabea_aldersladei and qt_Paraminabea_aldersladei.mf are exactly identical!
WARNING: Sequences MT_Paragorgia_sp__1072339 and MT_Paragorgia_coralloides_2 are exactly identical!
WARNING: Sequences MT_Paragorgia_sp__1072339 and MT_Paragorgia_coralloides_1 are exactly identical!
WARNING: Sequences MT_Paragorgia_sp__1072339 and MT_Paragorgia_sp__USNM_1075769 are exactly identical!
WARNING: Sequences qt_Sinularia_lochmodes.mf and qt_Sinularia_slieringsi.mf are exactly identical!
WARNING: Sequences qt_Sinularia_lochmodes.mf and qt_Sinularia_wanannensis.mf are exactly identical!
WARNING: Duplicate sequences found: 28

NOTE: Reduced alignment (with duplicates and gap-only sites/taxa removed) 
NOTE: was saved to: /home/hayesd/EEOB563-Spring2023/EEOB563-Final-Project/analysis/supertree/cox3_nt.raxml.reduced.phy

Alignment comprises 1 partitions and 401 patterns

Partition 0: noname
Model: GTR+FO+G4m
Alignment sites / patterns: 804 / 401
Gaps: 2.23 %
Invariant sites: 49.75 %


NOTE: Binary MSA file created: cox3_nt.raxml.rba

Parallelization scheme autoconfig: 2 worker(s) x 1 thread(s)

Parallel reduction/worker buffer size: 1 KB  / 0 KB

[00:00:00] Generating 10 random starting tree(s) with 184 taxa
[00:00:00] Generating 10 parsimony starting tree(s) with 184 taxa
[00:00:00] Data distribution: max. partitions/sites/weight per thread: 1 / 401 / 6416
[00:00:00] Data distribution: max. searches per worker: 10

Starting ML tree search with 20 distinct starting trees

[00:00:00 -29412.187098] Initial branch length optimization
[00:00:00 -25049.294668] Model parameter optimization (eps = 10.000000)
[00:00:01 -21816.517344] AUTODETECT spr round 1 (radius: 5)
[00:00:01 -16867.855759] AUTODETECT spr round 2 (radius: 10)
[00:00:03 -14736.601725] AUTODETECT spr round 3 (radius: 15)
[00:00:04 -13713.316335] AUTODETECT spr round 4 (radius: 20)
[00:00:06 -13646.622923] AUTODETECT spr round 5 (radius: 25)
[00:00:07 -13596.682041] SPR radius for FAST iterations: 25 (autodetect)
[00:00:07 -13596.682041] Model parameter optimization (eps = 3.000000)
[00:00:08 -13570.232891] FAST spr round 1 (radius: 25)
[00:00:09 -12321.380515] FAST spr round 2 (radius: 25)
[00:00:10 -12278.401152] FAST spr round 3 (radius: 25)
[00:00:11 -12276.877981] FAST spr round 4 (radius: 25)
[00:00:11 -12273.271001] FAST spr round 5 (radius: 25)
[00:00:12 -12273.270892] Model parameter optimization (eps = 1.000000)
[00:00:12 -12272.040665] SLOW spr round 1 (radius: 5)
[00:00:15 -12271.046802] SLOW spr round 2 (radius: 5)
[00:00:17 -12271.046495] SLOW spr round 3 (radius: 10)
[00:00:19 -12270.306773] SLOW spr round 4 (radius: 5)
[00:00:22 -12270.154990] SLOW spr round 5 (radius: 5)
[00:00:25 -12270.154660] SLOW spr round 6 (radius: 10)
[00:00:27 -12270.054485] SLOW spr round 7 (radius: 5)
[00:00:30 -12269.459967] SLOW spr round 8 (radius: 5)
[00:00:32 -12269.459966] SLOW spr round 9 (radius: 10)
[00:00:35 -12269.459965] SLOW spr round 10 (radius: 15)
[00:00:38 -12269.459965] SLOW spr round 11 (radius: 20)
[00:00:41 -12269.459965] SLOW spr round 12 (radius: 25)
[00:00:43 -12269.459965] Model parameter optimization (eps = 0.100000)

[00:00:43] [worker #0] ML tree search #1, logLikelihood: -12269.383111

[00:00:43 -29382.832442] Initial branch length optimization
[00:00:43 -25033.268212] Model parameter optimization (eps = 10.000000)
[00:00:45 -21737.623120] AUTODETECT spr round 1 (radius: 5)
[00:00:45 -17427.349964] AUTODETECT spr round 2 (radius: 10)
[00:00:47 -14157.490818] AUTODETECT spr round 3 (radius: 15)
[00:00:49 -13575.333283] AUTODETECT spr round 4 (radius: 20)
[00:00:51 -13568.186299] AUTODETECT spr round 5 (radius: 25)
[00:00:52 -13568.171241] SPR radius for FAST iterations: 20 (autodetect)
[00:00:52 -13568.171241] Model parameter optimization (eps = 3.000000)
[00:00:53 -13527.766962] FAST spr round 1 (radius: 20)
[00:00:54 -12307.147068] FAST spr round 2 (radius: 20)
[00:00:55 -12271.693374] FAST spr round 3 (radius: 20)
[00:00:56 -12263.239117] FAST spr round 4 (radius: 20)
[00:00:56 -12263.239103] Model parameter optimization (eps = 1.000000)
[00:00:57 -12260.159127] SLOW spr round 1 (radius: 5)
[00:00:59 -12258.136400] SLOW spr round 2 (radius: 5)
[00:01:01 -12257.758915] SLOW spr round 3 (radius: 5)
[00:01:03 -12257.758844] SLOW spr round 4 (radius: 10)
[00:01:06 -12257.073953] SLOW spr round 5 (radius: 5)
[00:01:08 -12257.073936] SLOW spr round 6 (radius: 10)
[00:01:11] [worker #1] ML tree search #2, logLikelihood: -12255.445783
[00:01:11 -12257.073936] SLOW spr round 7 (radius: 15)
[00:01:14 -12257.073936] SLOW spr round 8 (radius: 20)
[00:01:18 -12256.381976] SLOW spr round 9 (radius: 5)
[00:01:22 -12256.381967] SLOW spr round 10 (radius: 10)
[00:01:25 -12256.381967] SLOW spr round 11 (radius: 15)
[00:01:28 -12256.381967] SLOW spr round 12 (radius: 20)
[00:01:31 -12256.381967] SLOW spr round 13 (radius: 25)
[00:01:33 -12256.381967] Model parameter optimization (eps = 0.100000)

[00:01:34] [worker #0] ML tree search #3, logLikelihood: -12256.136560

[00:01:34 -29228.826633] Initial branch length optimization
[00:01:34 -24904.603961] Model parameter optimization (eps = 10.000000)
[00:01:35 -21589.052082] AUTODETECT spr round 1 (radius: 5)
[00:01:35 -17419.706910] AUTODETECT spr round 2 (radius: 10)
[00:01:37 -14178.045543] AUTODETECT spr round 3 (radius: 15)
[00:01:39 -13548.224777] AUTODETECT spr round 4 (radius: 20)
[00:01:40 -13538.082751] AUTODETECT spr round 5 (radius: 25)
[00:01:42 -13538.059813] SPR radius for FAST iterations: 20 (autodetect)
[00:01:42 -13538.059813] Model parameter optimization (eps = 3.000000)
[00:01:42 -13505.249816] FAST spr round 1 (radius: 20)
[00:01:43 -12364.376154] FAST spr round 2 (radius: 20)
[00:01:44 -12266.820512] FAST spr round 3 (radius: 20)
[00:01:45 -12265.282524] FAST spr round 4 (radius: 20)
[00:01:45 -12265.282355] Model parameter optimization (eps = 1.000000)
[00:01:46 -12262.821093] SLOW spr round 1 (radius: 5)
[00:01:48 -12261.395044] SLOW spr round 2 (radius: 5)
[00:01:50 -12260.980507] SLOW spr round 3 (radius: 5)
[00:01:52 -12260.980501] SLOW spr round 4 (radius: 10)
[00:01:54 -12260.980501] SLOW spr round 5 (radius: 15)
[00:01:58 -12260.341403] SLOW spr round 6 (radius: 5)
[00:02:01 -12260.341392] SLOW spr round 7 (radius: 10)
[00:02:04 -12260.301271] SLOW spr round 8 (radius: 15)
[00:02:07 -12260.300694] SLOW spr round 9 (radius: 20)
[00:02:11 -12260.300680] SLOW spr round 10 (radius: 25)
[00:02:11] [worker #1] ML tree search #4, logLikelihood: -12263.645385
[00:02:13 -12260.300679] Model parameter optimization (eps = 0.100000)

[00:02:13] [worker #0] ML tree search #5, logLikelihood: -12260.253719

[00:02:13 -29350.971796] Initial branch length optimization
[00:02:13 -25008.435497] Model parameter optimization (eps = 10.000000)
[00:02:14 -21653.628036] AUTODETECT spr round 1 (radius: 5)
[00:02:15 -17152.034125] AUTODETECT spr round 2 (radius: 10)
[00:02:16 -13966.998214] AUTODETECT spr round 3 (radius: 15)
[00:02:17 -13163.529935] AUTODETECT spr round 4 (radius: 20)
[00:02:19 -13163.340287] AUTODETECT spr round 5 (radius: 25)
[00:02:20 -13163.311633] SPR radius for FAST iterations: 20 (autodetect)
[00:02:20 -13163.311633] Model parameter optimization (eps = 3.000000)
[00:02:21 -13123.947602] FAST spr round 1 (radius: 20)
[00:02:22 -12280.317613] FAST spr round 2 (radius: 20)
[00:02:22 -12270.245472] FAST spr round 3 (radius: 20)
[00:02:23 -12270.245451] Model parameter optimization (eps = 1.000000)
[00:02:23 -12269.470762] SLOW spr round 1 (radius: 5)
[00:02:26 -12268.112631] SLOW spr round 2 (radius: 5)
[00:02:28 -12268.082818] SLOW spr round 3 (radius: 10)
[00:02:30 -12265.915127] SLOW spr round 4 (radius: 5)
[00:02:33 -12262.891979] SLOW spr round 5 (radius: 5)
[00:02:35 -12262.891970] SLOW spr round 6 (radius: 10)
[00:02:38 -12262.891969] SLOW spr round 7 (radius: 15)
[00:02:41 -12262.891969] SLOW spr round 8 (radius: 20)
[00:02:44 -12262.891969] SLOW spr round 9 (radius: 25)
[00:02:46 -12262.891969] Model parameter optimization (eps = 0.100000)

[00:02:46] [worker #0] ML tree search #7, logLikelihood: -12262.738860

[00:02:46 -29187.021922] Initial branch length optimization
[00:02:46 -24665.740251] Model parameter optimization (eps = 10.000000)
[00:02:47 -21397.436297] AUTODETECT spr round 1 (radius: 5)
[00:02:48 -17306.964890] AUTODETECT spr round 2 (radius: 10)
[00:02:49 -14180.242284] AUTODETECT spr round 3 (radius: 15)
[00:02:51 -13405.011753] AUTODETECT spr round 4 (radius: 20)
[00:02:53 -13390.426712] AUTODETECT spr round 5 (radius: 25)
[00:02:54 -13369.864688] SPR radius for FAST iterations: 25 (autodetect)
[00:02:54 -13369.864688] Model parameter optimization (eps = 3.000000)
[00:02:55 -13330.455183] FAST spr round 1 (radius: 25)
[00:02:56 -12299.215330] FAST spr round 2 (radius: 25)
[00:02:56 -12268.272279] FAST spr round 3 (radius: 25)
[00:02:57] [worker #1] ML tree search #6, logLikelihood: -12258.136719
[00:02:57 -12263.480066] FAST spr round 4 (radius: 25)
[00:02:58 -12263.479517] Model parameter optimization (eps = 1.000000)
[00:02:58 -12261.239458] SLOW spr round 1 (radius: 5)
[00:03:00 -12259.827119] SLOW spr round 2 (radius: 5)
[00:03:03 -12259.827110] SLOW spr round 3 (radius: 10)
[00:03:05 -12258.530535] SLOW spr round 4 (radius: 5)
[00:03:08 -12257.597420] SLOW spr round 5 (radius: 5)
[00:03:10 -12257.597410] SLOW spr round 6 (radius: 10)
[00:03:12 -12256.186674] SLOW spr round 7 (radius: 5)
[00:03:15 -12256.184379] SLOW spr round 8 (radius: 10)
[00:03:17 -12256.184316] SLOW spr round 9 (radius: 15)
[00:03:21 -12256.184316] SLOW spr round 10 (radius: 20)
[00:03:24 -12256.184316] SLOW spr round 11 (radius: 25)
[00:03:26 -12256.184316] Model parameter optimization (eps = 0.100000)

[00:03:26] [worker #0] ML tree search #9, logLikelihood: -12256.018147

[00:03:26 -17826.507451] Initial branch length optimization
[00:03:27 -13408.787362] Model parameter optimization (eps = 10.000000)
[00:03:27 -12379.036784] AUTODETECT spr round 1 (radius: 5)
[00:03:28 -12278.356697] AUTODETECT spr round 2 (radius: 10)
[00:03:29 -12272.872335] AUTODETECT spr round 3 (radius: 15)
[00:03:31 -12272.866240] SPR radius for FAST iterations: 10 (autodetect)
[00:03:31 -12272.866240] Model parameter optimization (eps = 3.000000)
[00:03:31 -12272.280040] FAST spr round 1 (radius: 10)
[00:03:31 -12264.017984] FAST spr round 2 (radius: 10)
[00:03:32 -12264.017874] Model parameter optimization (eps = 1.000000)
[00:03:32 -12263.872987] SLOW spr round 1 (radius: 5)
[00:03:34] [worker #1] ML tree search #8, logLikelihood: -12262.009003
[00:03:34 -12263.137232] SLOW spr round 2 (radius: 5)
[00:03:36 -12262.580772] SLOW spr round 3 (radius: 5)
[00:03:38 -12262.580628] SLOW spr round 4 (radius: 10)
[00:03:40 -12262.580628] SLOW spr round 5 (radius: 15)
[00:03:43 -12262.580628] SLOW spr round 6 (radius: 20)
[00:03:47 -12262.580628] SLOW spr round 7 (radius: 25)
[00:03:49 -12262.580628] Model parameter optimization (eps = 0.100000)

[00:03:49] [worker #0] ML tree search #11, logLikelihood: -12262.418766

[00:03:49 -17827.703290] Initial branch length optimization
[00:03:49 -13439.528142] Model parameter optimization (eps = 10.000000)
[00:03:50 -12402.744087] AUTODETECT spr round 1 (radius: 5)
[00:03:50 -12287.439373] AUTODETECT spr round 2 (radius: 10)
[00:03:52 -12273.075523] AUTODETECT spr round 3 (radius: 15)
[00:03:54 -12271.890718] AUTODETECT spr round 4 (radius: 20)
[00:03:55 -12271.841882] SPR radius for FAST iterations: 15 (autodetect)
[00:03:55 -12271.841882] Model parameter optimization (eps = 3.000000)
[00:03:55 -12270.900683] FAST spr round 1 (radius: 15)
[00:03:56 -12265.170371] FAST spr round 2 (radius: 15)
[00:03:57 -12260.873317] FAST spr round 3 (radius: 15)
[00:03:58 -12260.872762] Model parameter optimization (eps = 1.000000)
[00:03:58 -12260.564568] SLOW spr round 1 (radius: 5)
[00:04:00 -12255.561098] SLOW spr round 2 (radius: 5)
[00:04:02 -12254.254864] SLOW spr round 3 (radius: 5)
[00:04:04 -12254.254851] SLOW spr round 4 (radius: 10)
[00:04:06 -12254.254851] SLOW spr round 5 (radius: 15)
[00:04:09 -12254.254851] SLOW spr round 6 (radius: 20)
[00:04:12 -12254.254851] SLOW spr round 7 (radius: 25)
[00:04:15 -12253.777350] SLOW spr round 8 (radius: 5)
[00:04:18 -12253.777228] SLOW spr round 9 (radius: 10)
[00:04:21 -12253.777225] SLOW spr round 10 (radius: 15)
[00:04:24 -12253.777225] SLOW spr round 11 (radius: 20)
[00:04:27 -12253.777225] SLOW spr round 12 (radius: 25)
[00:04:29 -12253.777225] Model parameter optimization (eps = 0.100000)

[00:04:30] [worker #0] ML tree search #13, logLikelihood: -12253.564694

[00:04:30 -17906.267937] Initial branch length optimization
[00:04:30 -13464.812413] Model parameter optimization (eps = 10.000000)
[00:04:30] [worker #1] ML tree search #10, logLikelihood: -12262.438954
[00:04:30 -12412.362996] AUTODETECT spr round 1 (radius: 5)
[00:04:31 -12297.248682] AUTODETECT spr round 2 (radius: 10)
[00:04:32 -12278.683988] AUTODETECT spr round 3 (radius: 15)
[00:04:34 -12271.536121] AUTODETECT spr round 4 (radius: 20)
[00:04:36 -12271.535656] SPR radius for FAST iterations: 15 (autodetect)
[00:04:36 -12271.535656] Model parameter optimization (eps = 3.000000)
[00:04:36 -12271.064923] FAST spr round 1 (radius: 15)
[00:04:36 -12259.592709] FAST spr round 2 (radius: 15)
[00:04:37 -12257.564575] FAST spr round 3 (radius: 15)
[00:04:38 -12257.563939] Model parameter optimization (eps = 1.000000)
[00:04:38 -12257.505262] SLOW spr round 1 (radius: 5)
[00:04:40 -12257.033700] SLOW spr round 2 (radius: 5)
[00:04:42 -12257.033698] SLOW spr round 3 (radius: 10)
[00:04:44 -12257.033698] SLOW spr round 4 (radius: 15)
[00:04:47 -12257.033698] SLOW spr round 5 (radius: 20)
[00:04:50 -12257.033698] SLOW spr round 6 (radius: 25)
[00:04:51] [worker #1] ML tree search #12, logLikelihood: -12269.929006
[00:04:53 -12257.033698] Model parameter optimization (eps = 0.100000)

[00:04:53] [worker #0] ML tree search #15, logLikelihood: -12257.012599

[00:04:53 -17818.764007] Initial branch length optimization
[00:04:53 -13376.528198] Model parameter optimization (eps = 10.000000)
[00:04:53 -12353.194545] AUTODETECT spr round 1 (radius: 5)
[00:04:54 -12279.197968] AUTODETECT spr round 2 (radius: 10)
[00:04:55 -12274.889860] AUTODETECT spr round 3 (radius: 15)
[00:04:57 -12274.888644] SPR radius for FAST iterations: 10 (autodetect)
[00:04:57 -12274.888644] Model parameter optimization (eps = 3.000000)
[00:04:57 -12274.348340] FAST spr round 1 (radius: 10)
[00:04:58 -12266.416150] FAST spr round 2 (radius: 10)
[00:04:58 -12263.828765] FAST spr round 3 (radius: 10)
[00:04:59 -12263.828580] Model parameter optimization (eps = 1.000000)
[00:04:59 -12263.743436] SLOW spr round 1 (radius: 5)
[00:05:01 -12262.719088] SLOW spr round 2 (radius: 5)
[00:05:03 -12262.061480] SLOW spr round 3 (radius: 5)
[00:05:05 -12262.061451] SLOW spr round 4 (radius: 10)
[00:05:07 -12262.061451] SLOW spr round 5 (radius: 15)
[00:05:11 -12262.061450] SLOW spr round 6 (radius: 20)
[00:05:14 -12262.061450] SLOW spr round 7 (radius: 25)
[00:05:16 -12262.061450] Model parameter optimization (eps = 0.100000)

[00:05:16] [worker #0] ML tree search #17, logLikelihood: -12262.047324

[00:05:16 -17817.832287] Initial branch length optimization
[00:05:16 -13379.275230] Model parameter optimization (eps = 10.000000)
[00:05:17 -12356.548851] AUTODETECT spr round 1 (radius: 5)
[00:05:17 -12273.624890] AUTODETECT spr round 2 (radius: 10)
[00:05:19 -12273.622552] SPR radius for FAST iterations: 5 (autodetect)
[00:05:19 -12273.622552] Model parameter optimization (eps = 3.000000)
[00:05:19 -12273.095974] FAST spr round 1 (radius: 5)
[00:05:19] [worker #1] ML tree search #14, logLikelihood: -12261.427169
[00:05:20 -12267.028500] FAST spr round 2 (radius: 5)
[00:05:20 -12265.750473] FAST spr round 3 (radius: 5)
[00:05:21 -12265.750054] Model parameter optimization (eps = 1.000000)
[00:05:21 -12265.511655] SLOW spr round 1 (radius: 5)
[00:05:23 -12264.494843] SLOW spr round 2 (radius: 5)
[00:05:25 -12264.494837] SLOW spr round 3 (radius: 10)
[00:05:28 -12264.494837] SLOW spr round 4 (radius: 15)
[00:05:31 -12264.494837] SLOW spr round 5 (radius: 20)
[00:05:34 -12264.494837] SLOW spr round 6 (radius: 25)
[00:05:36 -12264.494837] Model parameter optimization (eps = 0.100000)

[00:05:36] [worker #0] ML tree search #19, logLikelihood: -12264.412441

[00:05:49] [worker #1] ML tree search #16, logLikelihood: -12259.311968
[00:06:22] [worker #1] ML tree search #18, logLikelihood: -12269.332001
[00:06:50] [worker #1] ML tree search #20, logLikelihood: -12260.508897

Optimized model parameters:

   Partition 0: noname
   Rate heterogeneity: GAMMA (4 cats, mean),  alpha: 0.308775 (ML),  weights&rates: (0.250000,0.006034) (0.250000,0.111336) (0.250000,0.610249) (0.250000,3.272381) 
   Base frequencies (ML): 0.247276 0.207139 0.208314 0.337271 
   Substitution rates (ML): 1.247393 7.002999 0.841123 0.489467 5.651668 1.000000 


Final LogLikelihood: -12253.564694

AIC score: 25255.129388 / AICc score: 25908.975542 / BIC score: 27009.039515
Free parameters (model + branch lengths): 374

WARNING: Best ML tree contains 36 near-zero branches!

Best ML tree with collapsed near-zero branches saved to: /home/hayesd/EEOB563-Spring2023/EEOB563-Final-Project/analysis/supertree/cox3_nt.raxml.bestTreeCollapsed
Best ML tree saved to: /home/hayesd/EEOB563-Spring2023/EEOB563-Final-Project/analysis/supertree/cox3_nt.raxml.bestTree
All ML trees saved to: /home/hayesd/EEOB563-Spring2023/EEOB563-Final-Project/analysis/supertree/cox3_nt.raxml.mlTrees
Optimized model saved to: /home/hayesd/EEOB563-Spring2023/EEOB563-Final-Project/analysis/supertree/cox3_nt.raxml.bestModel

Execution log saved to: /home/hayesd/EEOB563-Spring2023/EEOB563-Final-Project/analysis/supertree/cox3_nt.raxml.log

Analysis started: 24-Apr-2023 13:25:56 / finished: 24-Apr-2023 13:32:46

Elapsed time: 410.355 seconds

